{"/Users/eric/Development/feathersjs/feathers/lib/feathers.js":{"path":"/Users/eric/Development/feathersjs/feathers/lib/feathers.js","s":{"1":1,"2":1,"3":1,"4":1,"5":1,"6":1,"7":1,"8":24,"9":24,"10":24,"11":24,"12":1,"13":1,"14":1,"15":1,"16":1},"b":{},"f":{"1":24},"fnMap":{"1":{"name":"createApplication","line":17,"loc":{"start":{"line":17,"column":0},"end":{"line":17,"column":29}}}},"statementMap":{"1":{"start":{"line":3,"column":0},"end":{"line":3,"column":26}},"2":{"start":{"line":4,"column":0},"end":{"line":4,"column":33}},"3":{"start":{"line":5,"column":0},"end":{"line":5,"column":33}},"4":{"start":{"line":6,"column":0},"end":{"line":6,"column":43}},"5":{"start":{"line":7,"column":0},"end":{"line":7,"column":39}},"6":{"start":{"line":8,"column":0},"end":{"line":8,"column":40}},"7":{"start":{"line":17,"column":0},"end":{"line":22,"column":1}},"8":{"start":{"line":18,"column":2},"end":{"line":18,"column":22}},"9":{"start":{"line":19,"column":2},"end":{"line":19,"column":32}},"10":{"start":{"line":20,"column":2},"end":{"line":20,"column":13}},"11":{"start":{"line":21,"column":2},"end":{"line":21,"column":13}},"12":{"start":{"line":27,"column":0},"end":{"line":27,"column":35}},"13":{"start":{"line":32,"column":0},"end":{"line":32,"column":53}},"14":{"start":{"line":35,"column":0},"end":{"line":35,"column":38}},"15":{"start":{"line":38,"column":0},"end":{"line":38,"column":35}},"16":{"start":{"line":41,"column":0},"end":{"line":41,"column":36}}},"branchMap":{}},"/Users/eric/Development/feathersjs/feathers/lib/application.js":{"path":"/Users/eric/Development/feathersjs/feathers/lib/application.js","s":{"1":1,"2":1,"3":1,"4":1,"5":1,"6":1,"7":24,"8":46,"9":46,"10":20,"11":26,"12":26,"13":26,"14":26,"15":78,"16":26,"17":1,"18":26,"19":16,"20":26,"21":0,"22":0,"23":26,"24":26,"25":45,"26":29,"27":3,"28":26,"29":26,"30":0,"31":29,"32":45,"33":90,"34":248,"35":45,"36":19,"37":26,"38":26,"39":20,"40":22,"41":22,"42":3,"43":20,"44":20,"45":20,"46":20,"47":19,"48":19,"49":19,"50":19},"b":{"1":[20,26],"2":[1,25],"3":[16,0],"4":[0,26],"5":[26,4],"6":[3,26],"7":[1,2],"8":[26,0],"9":[248,96],"10":[19,26],"11":[45,45],"12":[3,19]},"f":{"1":24,"2":46,"3":78,"4":16,"5":45,"6":29,"7":90,"8":248,"9":20,"10":22,"11":20,"12":19},"fnMap":{"1":{"name":"(anonymous_1)","line":13,"loc":{"start":{"line":13,"column":8},"end":{"line":13,"column":20}}},"2":{"name":"(anonymous_2)","line":23,"loc":{"start":{"line":23,"column":11},"end":{"line":23,"column":48}}},"3":{"name":"(anonymous_3)","line":36,"loc":{"start":{"line":36,"column":24},"end":{"line":36,"column":38}}},"4":{"name":"(anonymous_4)","line":45,"loc":{"start":{"line":45,"column":27},"end":{"line":45,"column":47}}},"5":{"name":"(anonymous_5)","line":59,"loc":{"start":{"line":59,"column":7},"end":{"line":59,"column":27}}},"6":{"name":"(anonymous_6)","line":62,"loc":{"start":{"line":62,"column":14},"end":{"line":62,"column":41}}},"7":{"name":"(anonymous_7)","line":75,"loc":{"start":{"line":75,"column":20},"end":{"line":75,"column":38}}},"8":{"name":"(anonymous_8)","line":76,"loc":{"start":{"line":76,"column":29},"end":{"line":76,"column":44}}},"9":{"name":"(anonymous_9)","line":94,"loc":{"start":{"line":94,"column":9},"end":{"line":94,"column":20}}},"10":{"name":"(anonymous_10)","line":96,"loc":{"start":{"line":96,"column":26},"end":{"line":96,"column":51}}},"11":{"name":"(anonymous_11)","line":112,"loc":{"start":{"line":112,"column":13},"end":{"line":112,"column":25}}},"12":{"name":"(anonymous_12)","line":118,"loc":{"start":{"line":118,"column":10},"end":{"line":118,"column":22}}}},"statementMap":{"1":{"start":{"line":3,"column":0},"end":{"line":3,"column":26}},"2":{"start":{"line":4,"column":0},"end":{"line":4,"column":53}},"3":{"start":{"line":5,"column":0},"end":{"line":5,"column":60}},"4":{"start":{"line":6,"column":0},"end":{"line":8,"column":3}},"5":{"start":{"line":9,"column":0},"end":{"line":9,"column":33}},"6":{"start":{"line":12,"column":0},"end":{"line":124,"column":2}},"7":{"start":{"line":14,"column":4},"end":{"line":20,"column":7}},"8":{"start":{"line":24,"column":4},"end":{"line":24,"column":38}},"9":{"start":{"line":26,"column":4},"end":{"line":28,"column":5}},"10":{"start":{"line":27,"column":6},"end":{"line":27,"column":37}},"11":{"start":{"line":30,"column":4},"end":{"line":30,"column":45}},"12":{"start":{"line":31,"column":4},"end":{"line":31,"column":20}},"13":{"start":{"line":33,"column":4},"end":{"line":33,"column":59}},"14":{"start":{"line":36,"column":4},"end":{"line":38,"column":7}},"15":{"start":{"line":37,"column":6},"end":{"line":37,"column":34}},"16":{"start":{"line":40,"column":4},"end":{"line":42,"column":5}},"17":{"start":{"line":41,"column":6},"end":{"line":41,"column":42}},"18":{"start":{"line":45,"column":4},"end":{"line":47,"column":7}},"19":{"start":{"line":46,"column":6},"end":{"line":46,"column":54}},"20":{"start":{"line":50,"column":4},"end":{"line":53,"column":5}},"21":{"start":{"line":51,"column":6},"end":{"line":51,"column":57}},"22":{"start":{"line":52,"column":6},"end":{"line":52,"column":41}},"23":{"start":{"line":55,"column":4},"end":{"line":55,"column":43}},"24":{"start":{"line":56,"column":4},"end":{"line":56,"column":24}},"25":{"start":{"line":60,"column":4},"end":{"line":74,"column":9}},"26":{"start":{"line":63,"column":8},"end":{"line":69,"column":9}},"27":{"start":{"line":64,"column":10},"end":{"line":64,"column":61}},"28":{"start":{"line":65,"column":15},"end":{"line":69,"column":9}},"29":{"start":{"line":66,"column":10},"end":{"line":66,"column":24}},"30":{"start":{"line":68,"column":10},"end":{"line":68,"column":59}},"31":{"start":{"line":70,"column":8},"end":{"line":70,"column":26}},"32":{"start":{"line":75,"column":4},"end":{"line":79,"column":6}},"33":{"start":{"line":76,"column":6},"end":{"line":78,"column":9}},"34":{"start":{"line":77,"column":8},"end":{"line":77,"column":64}},"35":{"start":{"line":82,"column":4},"end":{"line":84,"column":5}},"36":{"start":{"line":83,"column":6},"end":{"line":83,"column":48}},"37":{"start":{"line":86,"column":4},"end":{"line":89,"column":7}},"38":{"start":{"line":91,"column":4},"end":{"line":91,"column":16}},"39":{"start":{"line":96,"column":4},"end":{"line":101,"column":18}},"40":{"start":{"line":97,"column":6},"end":{"line":97,"column":53}},"41":{"start":{"line":98,"column":6},"end":{"line":100,"column":7}},"42":{"start":{"line":99,"column":8},"end":{"line":99,"column":34}},"43":{"start":{"line":103,"column":4},"end":{"line":103,"column":25}},"44":{"start":{"line":105,"column":4},"end":{"line":105,"column":16}},"45":{"start":{"line":113,"column":4},"end":{"line":113,"column":18}},"46":{"start":{"line":115,"column":4},"end":{"line":115,"column":16}},"47":{"start":{"line":119,"column":4},"end":{"line":119,"column":52}},"48":{"start":{"line":120,"column":4},"end":{"line":120,"column":23}},"49":{"start":{"line":121,"column":4},"end":{"line":121,"column":44}},"50":{"start":{"line":122,"column":4},"end":{"line":122,"column":18}}},"branchMap":{"1":{"line":26,"type":"if","locations":[{"start":{"line":26,"column":4},"end":{"line":26,"column":4}},{"start":{"line":26,"column":4},"end":{"line":26,"column":4}}]},"2":{"line":40,"type":"if","locations":[{"start":{"line":40,"column":4},"end":{"line":40,"column":4}},{"start":{"line":40,"column":4},"end":{"line":40,"column":4}}]},"3":{"line":46,"type":"binary-expr","locations":[{"start":{"line":46,"column":39},"end":{"line":46,"column":46}},{"start":{"line":46,"column":50},"end":{"line":46,"column":52}}]},"4":{"line":50,"type":"if","locations":[{"start":{"line":50,"column":4},"end":{"line":50,"column":4}},{"start":{"line":50,"column":4},"end":{"line":50,"column":4}}]},"5":{"line":50,"type":"binary-expr","locations":[{"start":{"line":50,"column":8},"end":{"line":50,"column":21}},{"start":{"line":50,"column":25},"end":{"line":50,"column":65}}]},"6":{"line":63,"type":"if","locations":[{"start":{"line":63,"column":8},"end":{"line":63,"column":8}},{"start":{"line":63,"column":8},"end":{"line":63,"column":8}}]},"7":{"line":64,"type":"cond-expr","locations":[{"start":{"line":64,"column":31},"end":{"line":64,"column":38}},{"start":{"line":64,"column":41},"end":{"line":64,"column":49}}]},"8":{"line":65,"type":"if","locations":[{"start":{"line":65,"column":15},"end":{"line":65,"column":15}},{"start":{"line":65,"column":15},"end":{"line":65,"column":15}}]},"9":{"line":77,"type":"binary-expr","locations":[{"start":{"line":77,"column":16},"end":{"line":77,"column":23}},{"start":{"line":77,"column":27},"end":{"line":77,"column":62}}]},"10":{"line":82,"type":"if","locations":[{"start":{"line":82,"column":4},"end":{"line":82,"column":4}},{"start":{"line":82,"column":4},"end":{"line":82,"column":4}}]},"11":{"line":82,"type":"binary-expr","locations":[{"start":{"line":82,"column":7},"end":{"line":82,"column":35}},{"start":{"line":82,"column":39},"end":{"line":82,"column":63}}]},"12":{"line":98,"type":"if","locations":[{"start":{"line":98,"column":6},"end":{"line":98,"column":6}},{"start":{"line":98,"column":6},"end":{"line":98,"column":6}}]}}},"/Users/eric/Development/feathersjs/feathers/lib/mixins/index.js":{"path":"/Users/eric/Development/feathersjs/feathers/lib/mixins/index.js","s":{"1":1,"2":1,"3":25,"4":25,"5":3,"6":3,"7":3,"8":25},"b":{},"f":{"1":25,"2":3},"fnMap":{"1":{"name":"(anonymous_1)","line":5,"loc":{"start":{"line":5,"column":17},"end":{"line":5,"column":28}}},"2":{"name":"(anonymous_2)","line":13,"loc":{"start":{"line":13,"column":16},"end":{"line":13,"column":27}}}},"statementMap":{"1":{"start":{"line":3,"column":0},"end":{"line":3,"column":26}},"2":{"start":{"line":5,"column":0},"end":{"line":20,"column":2}},"3":{"start":{"line":6,"column":2},"end":{"line":10,"column":4}},"4":{"start":{"line":13,"column":2},"end":{"line":17,"column":4}},"5":{"start":{"line":14,"column":4},"end":{"line":14,"column":66}},"6":{"start":{"line":15,"column":4},"end":{"line":15,"column":34}},"7":{"start":{"line":16,"column":4},"end":{"line":16,"column":23}},"8":{"start":{"line":19,"column":2},"end":{"line":19,"column":16}}},"branchMap":{}},"/Users/eric/Development/feathersjs/feathers/lib/providers/index.js":{"path":"/Users/eric/Development/feathersjs/feathers/lib/providers/index.js","s":{"1":1},"b":{},"f":{},"fnMap":{},"statementMap":{"1":{"start":{"line":3,"column":0},"end":{"line":7,"column":2}}},"branchMap":{}},"/Users/eric/Development/feathersjs/feathers/lib/providers/rest/index.js":{"path":"/Users/eric/Development/feathersjs/feathers/lib/providers/rest/index.js","s":{"1":1,"2":1,"3":1,"4":13,"5":13,"6":26,"7":26,"8":13,"9":1,"10":13,"11":13,"12":13,"13":13,"14":13,"15":30,"16":30,"17":13,"18":13,"19":16,"20":0,"21":16,"22":16,"23":16,"24":16,"25":16,"26":16,"27":16,"28":16,"29":16,"30":16,"31":16,"32":16,"33":16,"34":16,"35":16,"36":16},"b":{"1":[13,12],"2":[13,13],"3":[1,12],"4":[0,16],"5":[16,0],"6":[16,0],"7":[16,0],"8":[16,0],"9":[0,16]},"f":{"1":13,"2":26,"3":26,"4":13,"5":30,"6":16},"fnMap":{"1":{"name":"(anonymous_1)","line":6,"loc":{"start":{"line":6,"column":17},"end":{"line":6,"column":35}}},"2":{"name":"(anonymous_2)","line":9,"loc":{"start":{"line":9,"column":34},"end":{"line":9,"column":54}}},"3":{"name":"(anonymous_3)","line":11,"loc":{"start":{"line":11,"column":26},"end":{"line":11,"column":38}}},"4":{"name":"(anonymous_4)","line":21,"loc":{"start":{"line":21,"column":9},"end":{"line":21,"column":21}}},"5":{"name":"(anonymous_5)","line":28,"loc":{"start":{"line":28,"column":12},"end":{"line":28,"column":38}}},"6":{"name":"(anonymous_6)","line":36,"loc":{"start":{"line":36,"column":23},"end":{"line":36,"column":57}}}},"statementMap":{"1":{"start":{"line":3,"column":0},"end":{"line":3,"column":37}},"2":{"start":{"line":4,"column":0},"end":{"line":4,"column":46}},"3":{"start":{"line":6,"column":0},"end":{"line":72,"column":2}},"4":{"start":{"line":7,"column":2},"end":{"line":7,"column":24}},"5":{"start":{"line":9,"column":2},"end":{"line":15,"column":4}},"6":{"start":{"line":10,"column":4},"end":{"line":14,"column":7}},"7":{"start":{"line":12,"column":8},"end":{"line":12,"column":27}},"8":{"start":{"line":17,"column":2},"end":{"line":19,"column":3}},"9":{"start":{"line":18,"column":4},"end":{"line":18,"column":21}},"10":{"start":{"line":21,"column":2},"end":{"line":71,"column":4}},"11":{"start":{"line":22,"column":4},"end":{"line":22,"column":19}},"12":{"start":{"line":24,"column":4},"end":{"line":24,"column":32}},"13":{"start":{"line":26,"column":4},"end":{"line":26,"column":60}},"14":{"start":{"line":28,"column":4},"end":{"line":31,"column":7}},"15":{"start":{"line":29,"column":6},"end":{"line":29,"column":24}},"16":{"start":{"line":30,"column":6},"end":{"line":30,"column":13}},"17":{"start":{"line":33,"column":4},"end":{"line":33,"column":24}},"18":{"start":{"line":36,"column":4},"end":{"line":70,"column":7}},"19":{"start":{"line":37,"column":6},"end":{"line":39,"column":7}},"20":{"start":{"line":38,"column":8},"end":{"line":38,"column":15}},"21":{"start":{"line":41,"column":6},"end":{"line":41,"column":56}},"22":{"start":{"line":42,"column":6},"end":{"line":42,"column":43}},"23":{"start":{"line":43,"column":6},"end":{"line":43,"column":41}},"24":{"start":{"line":45,"column":6},"end":{"line":45,"column":60}},"25":{"start":{"line":46,"column":6},"end":{"line":46,"column":37}},"26":{"start":{"line":47,"column":6},"end":{"line":47,"column":44}},"27":{"start":{"line":49,"column":6},"end":{"line":49,"column":91}},"28":{"start":{"line":52,"column":6},"end":{"line":52,"column":92}},"29":{"start":{"line":54,"column":6},"end":{"line":54,"column":95}},"30":{"start":{"line":56,"column":6},"end":{"line":56,"column":95}},"31":{"start":{"line":58,"column":6},"end":{"line":58,"column":94}},"32":{"start":{"line":60,"column":6},"end":{"line":60,"column":97}},"33":{"start":{"line":63,"column":6},"end":{"line":63,"column":87}},"34":{"start":{"line":65,"column":6},"end":{"line":65,"column":90}},"35":{"start":{"line":67,"column":6},"end":{"line":67,"column":91}},"36":{"start":{"line":69,"column":6},"end":{"line":69,"column":93}}},"branchMap":{"1":{"line":7,"type":"binary-expr","locations":[{"start":{"line":7,"column":11},"end":{"line":7,"column":17}},{"start":{"line":7,"column":21},"end":{"line":7,"column":23}}]},"2":{"line":9,"type":"binary-expr","locations":[{"start":{"line":9,"column":16},"end":{"line":9,"column":30}},{"start":{"line":9,"column":34},"end":{"line":15,"column":3}}]},"3":{"line":17,"type":"if","locations":[{"start":{"line":17,"column":2},"end":{"line":17,"column":2}},{"start":{"line":17,"column":2},"end":{"line":17,"column":2}}]},"4":{"line":37,"type":"if","locations":[{"start":{"line":37,"column":6},"end":{"line":37,"column":6}},{"start":{"line":37,"column":6},"end":{"line":37,"column":6}}]},"5":{"line":41,"type":"binary-expr","locations":[{"start":{"line":41,"column":23},"end":{"line":41,"column":49}},{"start":{"line":41,"column":53},"end":{"line":41,"column":55}}]},"6":{"line":41,"type":"binary-expr","locations":[{"start":{"line":41,"column":24},"end":{"line":41,"column":31}},{"start":{"line":41,"column":35},"end":{"line":41,"column":37}}]},"7":{"line":42,"type":"binary-expr","locations":[{"start":{"line":42,"column":19},"end":{"line":42,"column":36}},{"start":{"line":42,"column":40},"end":{"line":42,"column":42}}]},"8":{"line":43,"type":"binary-expr","locations":[{"start":{"line":43,"column":18},"end":{"line":43,"column":34}},{"start":{"line":43,"column":38},"end":{"line":43,"column":40}}]},"9":{"line":45,"type":"cond-expr","locations":[{"start":{"line":45,"column":42},"end":{"line":45,"column":46}},{"start":{"line":45,"column":49},"end":{"line":45,"column":59}}]}}},"/Users/eric/Development/feathersjs/feathers/lib/providers/rest/wrappers.js":{"path":"/Users/eric/Development/feathersjs/feathers/lib/providers/rest/wrappers.js","s":{"1":1,"2":1,"3":1,"4":1,"5":1,"6":144,"7":28,"8":1,"9":1,"10":1,"11":27,"12":27,"13":27,"14":27,"15":0,"16":0,"17":27,"18":27,"19":1,"20":1,"21":26,"22":3,"23":27,"24":27,"25":27,"26":1,"27":3,"28":1,"29":15,"30":1,"31":6,"32":1,"33":3,"34":1},"b":{"1":[1,27],"2":[27,0],"3":[27,0],"4":[0,27],"5":[0,0],"6":[1,26],"7":[3,23],"8":[15,1],"9":[6,2]},"f":{"1":144,"2":28,"3":27,"4":3,"5":15,"6":6,"7":3},"fnMap":{"1":{"name":"getHandler","line":14,"loc":{"start":{"line":14,"column":0},"end":{"line":14,"column":47}}},"2":{"name":"(anonymous_2)","line":15,"loc":{"start":{"line":15,"column":9},"end":{"line":15,"column":35}}},"3":{"name":"(anonymous_3)","line":28,"loc":{"start":{"line":28,"column":19},"end":{"line":28,"column":42}}},"4":{"name":"reqNone","line":52,"loc":{"start":{"line":52,"column":0},"end":{"line":52,"column":20}}},"5":{"name":"reqId","line":57,"loc":{"start":{"line":57,"column":0},"end":{"line":57,"column":21}}},"6":{"name":"reqUpdate","line":62,"loc":{"start":{"line":62,"column":0},"end":{"line":62,"column":25}}},"7":{"name":"reqCreate","line":67,"loc":{"start":{"line":67,"column":0},"end":{"line":67,"column":25}}}},"statementMap":{"1":{"start":{"line":3,"column":0},"end":{"line":3,"column":26}},"2":{"start":{"line":4,"column":0},"end":{"line":4,"column":46}},"3":{"start":{"line":5,"column":0},"end":{"line":5,"column":40}},"4":{"start":{"line":6,"column":0},"end":{"line":10,"column":2}},"5":{"start":{"line":14,"column":0},"end":{"line":49,"column":1}},"6":{"start":{"line":15,"column":2},"end":{"line":48,"column":4}},"7":{"start":{"line":17,"column":4},"end":{"line":21,"column":5}},"8":{"start":{"line":18,"column":6},"end":{"line":18,"column":72}},"9":{"start":{"line":19,"column":6},"end":{"line":19,"column":42}},"10":{"start":{"line":20,"column":6},"end":{"line":20,"column":115}},"11":{"start":{"line":24,"column":4},"end":{"line":24,"column":39}},"12":{"start":{"line":26,"column":4},"end":{"line":26,"column":100}},"13":{"start":{"line":28,"column":4},"end":{"line":44,"column":6}},"14":{"start":{"line":29,"column":6},"end":{"line":32,"column":7}},"15":{"start":{"line":30,"column":8},"end":{"line":30,"column":75}},"16":{"start":{"line":31,"column":8},"end":{"line":31,"column":27}},"17":{"start":{"line":34,"column":6},"end":{"line":34,"column":22}},"18":{"start":{"line":36,"column":6},"end":{"line":41,"column":7}},"19":{"start":{"line":37,"column":8},"end":{"line":37,"column":59}},"20":{"start":{"line":38,"column":8},"end":{"line":38,"column":37}},"21":{"start":{"line":39,"column":13},"end":{"line":41,"column":7}},"22":{"start":{"line":40,"column":8},"end":{"line":40,"column":35}},"23":{"start":{"line":43,"column":6},"end":{"line":43,"column":20}},"24":{"start":{"line":46,"column":4},"end":{"line":46,"column":74}},"25":{"start":{"line":47,"column":4},"end":{"line":47,"column":70}},"26":{"start":{"line":52,"column":0},"end":{"line":54,"column":1}},"27":{"start":{"line":53,"column":2},"end":{"line":53,"column":12}},"28":{"start":{"line":57,"column":0},"end":{"line":59,"column":1}},"29":{"start":{"line":58,"column":2},"end":{"line":58,"column":35}},"30":{"start":{"line":62,"column":0},"end":{"line":64,"column":1}},"31":{"start":{"line":63,"column":2},"end":{"line":63,"column":45}},"32":{"start":{"line":67,"column":0},"end":{"line":69,"column":1}},"33":{"start":{"line":68,"column":2},"end":{"line":68,"column":22}},"34":{"start":{"line":74,"column":0},"end":{"line":81,"column":2}}},"branchMap":{"1":{"line":17,"type":"if","locations":[{"start":{"line":17,"column":4},"end":{"line":17,"column":4}},{"start":{"line":17,"column":4},"end":{"line":17,"column":4}}]},"2":{"line":26,"type":"binary-expr","locations":[{"start":{"line":26,"column":35},"end":{"line":26,"column":44}},{"start":{"line":26,"column":48},"end":{"line":26,"column":50}}]},"3":{"line":26,"type":"binary-expr","locations":[{"start":{"line":26,"column":61},"end":{"line":26,"column":71}},{"start":{"line":26,"column":75},"end":{"line":26,"column":77}}]},"4":{"line":29,"type":"if","locations":[{"start":{"line":29,"column":6},"end":{"line":29,"column":6}},{"start":{"line":29,"column":6},"end":{"line":29,"column":6}}]},"5":{"line":30,"type":"binary-expr","locations":[{"start":{"line":30,"column":44},"end":{"line":30,"column":57}},{"start":{"line":30,"column":61},"end":{"line":30,"column":66}}]},"6":{"line":36,"type":"if","locations":[{"start":{"line":36,"column":6},"end":{"line":36,"column":6}},{"start":{"line":36,"column":6},"end":{"line":36,"column":6}}]},"7":{"line":39,"type":"if","locations":[{"start":{"line":39,"column":13},"end":{"line":39,"column":13}},{"start":{"line":39,"column":13},"end":{"line":39,"column":13}}]},"8":{"line":58,"type":"binary-expr","locations":[{"start":{"line":58,"column":11},"end":{"line":58,"column":24}},{"start":{"line":58,"column":28},"end":{"line":58,"column":32}}]},"9":{"line":63,"type":"binary-expr","locations":[{"start":{"line":63,"column":11},"end":{"line":63,"column":24}},{"start":{"line":63,"column":28},"end":{"line":63,"column":32}}]}}},"/Users/eric/Development/feathersjs/feathers/lib/providers/socket/socketio.js":{"path":"/Users/eric/Development/feathersjs/feathers/lib/providers/socket/socketio.js","s":{"1":1,"2":1,"3":1,"4":1,"5":1,"6":5,"7":5,"8":5,"9":5,"10":5,"11":0,"12":5,"13":5,"14":2,"15":2,"16":5,"17":5,"18":5,"19":5,"20":34,"21":48,"22":5},"b":{"1":[0,5],"2":[2,3]},"f":{"1":5,"2":5,"3":5,"4":5,"5":34,"6":48},"fnMap":{"1":{"name":"(anonymous_1)","line":8,"loc":{"start":{"line":8,"column":17},"end":{"line":8,"column":35}}},"2":{"name":"(anonymous_2)","line":9,"loc":{"start":{"line":9,"column":9},"end":{"line":9,"column":21}}},"3":{"name":"(anonymous_3)","line":18,"loc":{"start":{"line":18,"column":13},"end":{"line":18,"column":31}}},"4":{"name":"(anonymous_4)","line":36,"loc":{"start":{"line":36,"column":22},"end":{"line":36,"column":33}}},"5":{"name":"(anonymous_5)","line":39,"loc":{"start":{"line":39,"column":19},"end":{"line":39,"column":30}}},"6":{"name":"(anonymous_6)","line":42,"loc":{"start":{"line":42,"column":18},"end":{"line":42,"column":35}}}},"statementMap":{"1":{"start":{"line":3,"column":0},"end":{"line":3,"column":36}},"2":{"start":{"line":4,"column":0},"end":{"line":4,"column":33}},"3":{"start":{"line":5,"column":0},"end":{"line":5,"column":51}},"4":{"start":{"line":6,"column":0},"end":{"line":6,"column":49}},"5":{"start":{"line":8,"column":0},"end":{"line":51,"column":2}},"6":{"start":{"line":9,"column":2},"end":{"line":50,"column":4}},"7":{"start":{"line":10,"column":4},"end":{"line":10,"column":19}},"8":{"start":{"line":12,"column":4},"end":{"line":12,"column":36}},"9":{"start":{"line":15,"column":4},"end":{"line":49,"column":12}},"10":{"start":{"line":19,"column":8},"end":{"line":21,"column":9}},"11":{"start":{"line":20,"column":10},"end":{"line":20,"column":52}},"12":{"start":{"line":23,"column":8},"end":{"line":23,"column":51}},"13":{"start":{"line":25,"column":8},"end":{"line":28,"column":9}},"14":{"start":{"line":26,"column":10},"end":{"line":26,"column":59}},"15":{"start":{"line":27,"column":10},"end":{"line":27,"column":32}},"16":{"start":{"line":30,"column":8},"end":{"line":30,"column":56}},"17":{"start":{"line":32,"column":8},"end":{"line":32,"column":37}},"18":{"start":{"line":34,"column":8},"end":{"line":45,"column":11}},"19":{"start":{"line":37,"column":12},"end":{"line":37,"column":30}},"20":{"start":{"line":40,"column":12},"end":{"line":40,"column":38}},"21":{"start":{"line":43,"column":12},"end":{"line":43,"column":35}},"22":{"start":{"line":47,"column":8},"end":{"line":47,"column":22}}},"branchMap":{"1":{"line":19,"type":"if","locations":[{"start":{"line":19,"column":8},"end":{"line":19,"column":8}},{"start":{"line":19,"column":8},"end":{"line":19,"column":8}}]},"2":{"line":25,"type":"if","locations":[{"start":{"line":25,"column":8},"end":{"line":25,"column":8}},{"start":{"line":25,"column":8},"end":{"line":25,"column":8}}]}}},"/Users/eric/Development/feathersjs/feathers/lib/providers/socket/primus.js":{"path":"/Users/eric/Development/feathersjs/feathers/lib/providers/socket/primus.js","s":{"1":1,"2":1,"3":1,"4":1,"5":1,"6":1,"7":2,"8":2,"9":2,"10":2,"11":2,"12":0,"13":2,"14":2,"15":2,"16":2,"17":2,"18":2,"19":2,"20":2,"21":2,"22":33,"23":44,"24":2},"b":{"1":[0,2],"2":[2,0]},"f":{"1":2,"2":2,"3":2,"4":2,"5":33,"6":44},"fnMap":{"1":{"name":"(anonymous_1)","line":9,"loc":{"start":{"line":9,"column":17},"end":{"line":9,"column":46}}},"2":{"name":"(anonymous_2)","line":10,"loc":{"start":{"line":10,"column":9},"end":{"line":10,"column":20}}},"3":{"name":"(anonymous_3)","line":19,"loc":{"start":{"line":19,"column":13},"end":{"line":19,"column":30}}},"4":{"name":"(anonymous_4)","line":39,"loc":{"start":{"line":39,"column":22},"end":{"line":39,"column":33}}},"5":{"name":"(anonymous_5)","line":42,"loc":{"start":{"line":42,"column":19},"end":{"line":42,"column":30}}},"6":{"name":"(anonymous_6)","line":45,"loc":{"start":{"line":45,"column":18},"end":{"line":45,"column":34}}}},"statementMap":{"1":{"start":{"line":3,"column":0},"end":{"line":3,"column":33}},"2":{"start":{"line":4,"column":0},"end":{"line":4,"column":31}},"3":{"start":{"line":5,"column":0},"end":{"line":5,"column":40}},"4":{"start":{"line":6,"column":0},"end":{"line":6,"column":48}},"5":{"start":{"line":7,"column":0},"end":{"line":7,"column":49}},"6":{"start":{"line":9,"column":0},"end":{"line":54,"column":2}},"7":{"start":{"line":10,"column":2},"end":{"line":53,"column":4}},"8":{"start":{"line":11,"column":4},"end":{"line":11,"column":19}},"9":{"start":{"line":13,"column":4},"end":{"line":13,"column":34}},"10":{"start":{"line":16,"column":4},"end":{"line":52,"column":12}},"11":{"start":{"line":20,"column":8},"end":{"line":22,"column":9}},"12":{"start":{"line":21,"column":10},"end":{"line":21,"column":52}},"13":{"start":{"line":24,"column":8},"end":{"line":24,"column":35}},"14":{"start":{"line":26,"column":8},"end":{"line":26,"column":62}},"15":{"start":{"line":28,"column":8},"end":{"line":28,"column":39}},"16":{"start":{"line":30,"column":8},"end":{"line":33,"column":9}},"17":{"start":{"line":31,"column":10},"end":{"line":31,"column":57}},"18":{"start":{"line":32,"column":10},"end":{"line":32,"column":40}},"19":{"start":{"line":35,"column":8},"end":{"line":35,"column":56}},"20":{"start":{"line":37,"column":8},"end":{"line":48,"column":11}},"21":{"start":{"line":40,"column":12},"end":{"line":40,"column":26}},"22":{"start":{"line":43,"column":12},"end":{"line":43,"column":26}},"23":{"start":{"line":46,"column":12},"end":{"line":46,"column":42}},"24":{"start":{"line":50,"column":8},"end":{"line":50,"column":22}}},"branchMap":{"1":{"line":20,"type":"if","locations":[{"start":{"line":20,"column":8},"end":{"line":20,"column":8}},{"start":{"line":20,"column":8},"end":{"line":20,"column":8}}]},"2":{"line":30,"type":"if","locations":[{"start":{"line":30,"column":8},"end":{"line":30,"column":8}},{"start":{"line":30,"column":8},"end":{"line":30,"column":8}}]}}},"/Users/eric/Development/feathersjs/feathers/lib/mixins/event.js":{"path":"/Users/eric/Development/feathersjs/feathers/lib/mixins/event.js","s":{"1":1,"2":1,"3":1,"4":1,"5":1,"6":1,"7":33,"8":33,"9":33,"10":33,"11":31,"12":33,"13":33,"14":1,"15":33,"16":132,"17":132,"18":37,"19":37,"20":37,"21":37,"22":81,"23":81,"24":81,"25":81,"26":83,"27":0},"b":{"1":[33,2],"2":[33,0],"3":[31,2],"4":[8,25],"5":[37,95],"6":[132,42],"7":[81,0],"8":[1,80]},"f":{"1":33,"2":1,"3":132,"4":81,"5":83},"fnMap":{"1":{"name":"(anonymous_1)","line":14,"loc":{"start":{"line":14,"column":17},"end":{"line":14,"column":36}}},"2":{"name":"(anonymous_2)","line":29,"loc":{"start":{"line":29,"column":22},"end":{"line":29,"column":40}}},"3":{"name":"(anonymous_3)","line":33,"loc":{"start":{"line":33,"column":24},"end":{"line":33,"column":49}}},"4":{"name":"(anonymous_4)","line":43,"loc":{"start":{"line":43,"column":28},"end":{"line":43,"column":53}}},"5":{"name":"(anonymous_5)","line":48,"loc":{"start":{"line":48,"column":23},"end":{"line":48,"column":41}}}},"statementMap":{"1":{"start":{"line":3,"column":0},"end":{"line":3,"column":26}},"2":{"start":{"line":4,"column":0},"end":{"line":4,"column":39}},"3":{"start":{"line":5,"column":0},"end":{"line":5,"column":50}},"4":{"start":{"line":6,"column":0},"end":{"line":6,"column":62}},"5":{"start":{"line":7,"column":0},"end":{"line":12,"column":2}},"6":{"start":{"line":14,"column":0},"end":{"line":57,"column":2}},"7":{"start":{"line":15,"column":2},"end":{"line":16,"column":39}},"8":{"start":{"line":17,"column":2},"end":{"line":17,"column":66}},"9":{"start":{"line":19,"column":2},"end":{"line":23,"column":3}},"10":{"start":{"line":20,"column":4},"end":{"line":22,"column":5}},"11":{"start":{"line":21,"column":6},"end":{"line":21,"column":44}},"12":{"start":{"line":25,"column":2},"end":{"line":25,"column":83}},"13":{"start":{"line":29,"column":2},"end":{"line":31,"column":5}},"14":{"start":{"line":30,"column":4},"end":{"line":30,"column":44}},"15":{"start":{"line":33,"column":2},"end":{"line":56,"column":5}},"16":{"start":{"line":34,"column":4},"end":{"line":34,"column":68}},"17":{"start":{"line":36,"column":4},"end":{"line":55,"column":5}},"18":{"start":{"line":38,"column":6},"end":{"line":38,"column":85}},"19":{"start":{"line":39,"column":6},"end":{"line":39,"column":41}},"20":{"start":{"line":41,"column":6},"end":{"line":41,"column":32}},"21":{"start":{"line":43,"column":6},"end":{"line":54,"column":9}},"22":{"start":{"line":44,"column":8},"end":{"line":53,"column":9}},"23":{"start":{"line":45,"column":10},"end":{"line":45,"column":55}},"24":{"start":{"line":46,"column":10},"end":{"line":46,"column":77}},"25":{"start":{"line":48,"column":10},"end":{"line":50,"column":13}},"26":{"start":{"line":49,"column":12},"end":{"line":49,"column":47}},"27":{"start":{"line":52,"column":10},"end":{"line":52,"column":51}}},"branchMap":{"1":{"line":15,"type":"binary-expr","locations":[{"start":{"line":15,"column":18},"end":{"line":15,"column":50}},{"start":{"line":16,"column":4},"end":{"line":16,"column":38}}]},"2":{"line":19,"type":"if","locations":[{"start":{"line":19,"column":2},"end":{"line":19,"column":2}},{"start":{"line":19,"column":2},"end":{"line":19,"column":2}}]},"3":{"line":20,"type":"if","locations":[{"start":{"line":20,"column":4},"end":{"line":20,"column":4}},{"start":{"line":20,"column":4},"end":{"line":20,"column":4}}]},"4":{"line":25,"type":"cond-expr","locations":[{"start":{"line":25,"column":55},"end":{"line":25,"column":77}},{"start":{"line":25,"column":80},"end":{"line":25,"column":82}}]},"5":{"line":36,"type":"if","locations":[{"start":{"line":36,"column":4},"end":{"line":36,"column":4}},{"start":{"line":36,"column":4},"end":{"line":36,"column":4}}]},"6":{"line":36,"type":"binary-expr","locations":[{"start":{"line":36,"column":8},"end":{"line":36,"column":45}},{"start":{"line":36,"column":49},"end":{"line":36,"column":62}}]},"7":{"line":44,"type":"if","locations":[{"start":{"line":44,"column":8},"end":{"line":44,"column":8}},{"start":{"line":44,"column":8},"end":{"line":44,"column":8}}]},"8":{"line":46,"type":"cond-expr","locations":[{"start":{"line":46,"column":49},"end":{"line":46,"column":59}},{"start":{"line":46,"column":62},"end":{"line":46,"column":76}}]}}},"/Users/eric/Development/feathersjs/feathers/lib/mixins/normalizer.js":{"path":"/Users/eric/Development/feathersjs/feathers/lib/mixins/normalizer.js","s":{"1":1,"2":1,"3":1,"4":28,"5":28,"6":28,"7":158,"8":65,"9":106,"10":106,"11":28},"b":{"1":[28,0],"2":[65,93]},"f":{"1":28,"2":158,"3":106},"fnMap":{"1":{"name":"(anonymous_1)","line":4,"loc":{"start":{"line":4,"column":17},"end":{"line":4,"column":36}}},"2":{"name":"(anonymous_2)","line":8,"loc":{"start":{"line":8,"column":25},"end":{"line":8,"column":42}}},"3":{"name":"(anonymous_3)","line":10,"loc":{"start":{"line":10,"column":24},"end":{"line":10,"column":35}}}},"statementMap":{"1":{"start":{"line":1,"column":0},"end":{"line":1,"column":26}},"2":{"start":{"line":2,"column":0},"end":{"line":2,"column":60}},"3":{"start":{"line":4,"column":0},"end":{"line":19,"column":2}},"4":{"start":{"line":5,"column":2},"end":{"line":18,"column":3}},"5":{"start":{"line":6,"column":4},"end":{"line":6,"column":19}},"6":{"start":{"line":8,"column":4},"end":{"line":15,"column":7}},"7":{"start":{"line":9,"column":6},"end":{"line":14,"column":7}},"8":{"start":{"line":10,"column":8},"end":{"line":13,"column":10}},"9":{"start":{"line":11,"column":10},"end":{"line":11,"column":53}},"10":{"start":{"line":12,"column":10},"end":{"line":12,"column":47}},"11":{"start":{"line":17,"column":4},"end":{"line":17,"column":25}}},"branchMap":{"1":{"line":5,"type":"if","locations":[{"start":{"line":5,"column":2},"end":{"line":5,"column":2}},{"start":{"line":5,"column":2},"end":{"line":5,"column":2}}]},"2":{"line":9,"type":"if","locations":[{"start":{"line":9,"column":6},"end":{"line":9,"column":6}},{"start":{"line":9,"column":6},"end":{"line":9,"column":6}}]}}},"/Users/eric/Development/feathersjs/feathers/lib/mixins/promise.js":{"path":"/Users/eric/Development/feathersjs/feathers/lib/mixins/promise.js","s":{"1":1,"2":1,"3":107,"4":107,"5":107,"6":3,"7":2,"8":1,"9":107,"10":1,"11":29,"12":29,"13":29,"14":159,"15":66,"16":29},"b":{"1":[3,104],"2":[107,4,4],"3":[29,0],"4":[66,93]},"f":{"1":107,"2":2,"3":1,"4":29,"5":159},"fnMap":{"1":{"name":"(anonymous_1)","line":5,"loc":{"start":{"line":5,"column":14},"end":{"line":5,"column":26}}},"2":{"name":"(anonymous_2)","line":10,"loc":{"start":{"line":10,"column":16},"end":{"line":10,"column":31}}},"3":{"name":"(anonymous_3)","line":12,"loc":{"start":{"line":12,"column":7},"end":{"line":12,"column":23}}},"4":{"name":"(anonymous_4)","line":19,"loc":{"start":{"line":19,"column":17},"end":{"line":19,"column":36}}},"5":{"name":"(anonymous_5)","line":23,"loc":{"start":{"line":23,"column":25},"end":{"line":23,"column":42}}}},"statementMap":{"1":{"start":{"line":3,"column":0},"end":{"line":3,"column":26}},"2":{"start":{"line":5,"column":0},"end":{"line":17,"column":2}},"3":{"start":{"line":6,"column":2},"end":{"line":6,"column":50}},"4":{"start":{"line":7,"column":2},"end":{"line":7,"column":49}},"5":{"start":{"line":9,"column":2},"end":{"line":15,"column":3}},"6":{"start":{"line":10,"column":4},"end":{"line":14,"column":7}},"7":{"start":{"line":11,"column":6},"end":{"line":11,"column":27}},"8":{"start":{"line":13,"column":6},"end":{"line":13,"column":22}},"9":{"start":{"line":16,"column":2},"end":{"line":16,"column":16}},"10":{"start":{"line":19,"column":0},"end":{"line":31,"column":2}},"11":{"start":{"line":20,"column":2},"end":{"line":30,"column":3}},"12":{"start":{"line":21,"column":4},"end":{"line":21,"column":19}},"13":{"start":{"line":23,"column":4},"end":{"line":27,"column":7}},"14":{"start":{"line":24,"column":6},"end":{"line":26,"column":7}},"15":{"start":{"line":25,"column":8},"end":{"line":25,"column":32}},"16":{"start":{"line":29,"column":4},"end":{"line":29,"column":25}}},"branchMap":{"1":{"line":9,"type":"if","locations":[{"start":{"line":9,"column":2},"end":{"line":9,"column":2}},{"start":{"line":9,"column":2},"end":{"line":9,"column":2}}]},"2":{"line":9,"type":"binary-expr","locations":[{"start":{"line":9,"column":5},"end":{"line":9,"column":34}},{"start":{"line":9,"column":38},"end":{"line":9,"column":63}},{"start":{"line":9,"column":67},"end":{"line":9,"column":89}}]},"3":{"line":20,"type":"if","locations":[{"start":{"line":20,"column":2},"end":{"line":20,"column":2}},{"start":{"line":20,"column":2},"end":{"line":20,"column":2}}]},"4":{"line":24,"type":"if","locations":[{"start":{"line":24,"column":6},"end":{"line":24,"column":6}},{"start":{"line":24,"column":6},"end":{"line":24,"column":6}}]}}}}