TN:
SF:/Users/eric/Development/feathersjs/feathers/lib/feathers.js
FN:17,createApplication
FNF:1
FNH:1
FNDA:24,createApplication
DA:3,1
DA:4,1
DA:5,1
DA:6,1
DA:7,1
DA:8,1
DA:17,1
DA:18,24
DA:19,24
DA:20,24
DA:21,24
DA:27,1
DA:32,1
DA:35,1
DA:38,1
DA:41,1
LF:16
LH:16
BRF:0
BRH:0
end_of_record
TN:
SF:/Users/eric/Development/feathersjs/feathers/lib/application.js
FN:13,(anonymous_1)
FN:23,(anonymous_2)
FN:36,(anonymous_3)
FN:45,(anonymous_4)
FN:59,(anonymous_5)
FN:62,(anonymous_6)
FN:75,(anonymous_7)
FN:76,(anonymous_8)
FN:94,(anonymous_9)
FN:96,(anonymous_10)
FN:112,(anonymous_11)
FN:118,(anonymous_12)
FNF:12
FNH:12
FNDA:24,(anonymous_1)
FNDA:46,(anonymous_2)
FNDA:78,(anonymous_3)
FNDA:16,(anonymous_4)
FNDA:45,(anonymous_5)
FNDA:29,(anonymous_6)
FNDA:90,(anonymous_7)
FNDA:248,(anonymous_8)
FNDA:20,(anonymous_9)
FNDA:22,(anonymous_10)
FNDA:20,(anonymous_11)
FNDA:19,(anonymous_12)
DA:3,1
DA:4,1
DA:5,1
DA:6,1
DA:9,1
DA:12,1
DA:14,24
DA:24,46
DA:26,46
DA:27,20
DA:30,26
DA:31,26
DA:33,26
DA:36,26
DA:37,78
DA:40,26
DA:41,1
DA:45,26
DA:46,16
DA:50,26
DA:51,0
DA:52,0
DA:55,26
DA:56,26
DA:60,45
DA:63,29
DA:64,3
DA:65,26
DA:66,26
DA:68,0
DA:70,29
DA:75,45
DA:76,90
DA:77,248
DA:82,45
DA:83,19
DA:86,26
DA:91,26
DA:96,20
DA:97,22
DA:98,22
DA:99,3
DA:103,20
DA:105,20
DA:113,20
DA:115,20
DA:119,19
DA:120,19
DA:121,19
DA:122,19
LF:50
LH:47
BRDA:26,1,0,20
BRDA:26,1,1,26
BRDA:40,2,0,1
BRDA:40,2,1,25
BRDA:46,3,0,16
BRDA:46,3,1,0
BRDA:50,4,0,0
BRDA:50,4,1,26
BRDA:50,5,0,26
BRDA:50,5,1,4
BRDA:63,6,0,3
BRDA:63,6,1,26
BRDA:64,7,0,1
BRDA:64,7,1,2
BRDA:65,8,0,26
BRDA:65,8,1,0
BRDA:77,9,0,248
BRDA:77,9,1,96
BRDA:82,10,0,19
BRDA:82,10,1,26
BRDA:82,11,0,45
BRDA:82,11,1,45
BRDA:98,12,0,3
BRDA:98,12,1,19
BRF:24
BRH:21
end_of_record
TN:
SF:/Users/eric/Development/feathersjs/feathers/lib/mixins/index.js
FN:5,(anonymous_1)
FN:13,(anonymous_2)
FNF:2
FNH:2
FNDA:25,(anonymous_1)
FNDA:3,(anonymous_2)
DA:3,1
DA:5,1
DA:6,25
DA:13,25
DA:14,3
DA:15,3
DA:16,3
DA:19,25
LF:8
LH:8
BRF:0
BRH:0
end_of_record
TN:
SF:/Users/eric/Development/feathersjs/feathers/lib/providers/index.js
FNF:0
FNH:0
DA:3,1
LF:1
LH:1
BRF:0
BRH:0
end_of_record
TN:
SF:/Users/eric/Development/feathersjs/feathers/lib/providers/rest/index.js
FN:6,(anonymous_1)
FN:9,(anonymous_2)
FN:11,(anonymous_3)
FN:21,(anonymous_4)
FN:28,(anonymous_5)
FN:36,(anonymous_6)
FNF:6
FNH:6
FNDA:13,(anonymous_1)
FNDA:26,(anonymous_2)
FNDA:26,(anonymous_3)
FNDA:13,(anonymous_4)
FNDA:30,(anonymous_5)
FNDA:16,(anonymous_6)
DA:3,1
DA:4,1
DA:6,1
DA:7,13
DA:9,13
DA:10,26
DA:12,26
DA:17,13
DA:18,1
DA:21,13
DA:22,13
DA:24,13
DA:26,13
DA:28,13
DA:29,30
DA:30,30
DA:33,13
DA:36,13
DA:37,16
DA:38,0
DA:41,16
DA:42,16
DA:43,16
DA:45,16
DA:46,16
DA:47,16
DA:49,16
DA:52,16
DA:54,16
DA:56,16
DA:58,16
DA:60,16
DA:63,16
DA:65,16
DA:67,16
DA:69,16
LF:36
LH:35
BRDA:7,1,0,13
BRDA:7,1,1,12
BRDA:9,2,0,13
BRDA:9,2,1,13
BRDA:17,3,0,1
BRDA:17,3,1,12
BRDA:37,4,0,0
BRDA:37,4,1,16
BRDA:41,5,0,16
BRDA:41,5,1,0
BRDA:41,6,0,16
BRDA:41,6,1,0
BRDA:42,7,0,16
BRDA:42,7,1,0
BRDA:43,8,0,16
BRDA:43,8,1,0
BRDA:45,9,0,0
BRDA:45,9,1,16
BRF:18
BRH:12
end_of_record
TN:
SF:/Users/eric/Development/feathersjs/feathers/lib/providers/rest/wrappers.js
FN:14,getHandler
FN:15,(anonymous_2)
FN:28,(anonymous_3)
FN:52,reqNone
FN:57,reqId
FN:62,reqUpdate
FN:67,reqCreate
FNF:7
FNH:7
FNDA:144,getHandler
FNDA:28,(anonymous_2)
FNDA:27,(anonymous_3)
FNDA:3,reqNone
FNDA:15,reqId
FNDA:6,reqUpdate
FNDA:3,reqCreate
DA:3,1
DA:4,1
DA:5,1
DA:6,1
DA:14,1
DA:15,144
DA:17,28
DA:18,1
DA:19,1
DA:20,1
DA:24,27
DA:26,27
DA:28,27
DA:29,27
DA:30,0
DA:31,0
DA:34,27
DA:36,27
DA:37,1
DA:38,1
DA:39,26
DA:40,3
DA:43,27
DA:46,27
DA:47,27
DA:52,1
DA:53,3
DA:57,1
DA:58,15
DA:62,1
DA:63,6
DA:67,1
DA:68,3
DA:74,1
LF:34
LH:32
BRDA:17,1,0,1
BRDA:17,1,1,27
BRDA:26,2,0,27
BRDA:26,2,1,0
BRDA:26,3,0,27
BRDA:26,3,1,0
BRDA:29,4,0,0
BRDA:29,4,1,27
BRDA:30,5,0,0
BRDA:30,5,1,0
BRDA:36,6,0,1
BRDA:36,6,1,26
BRDA:39,7,0,3
BRDA:39,7,1,23
BRDA:58,8,0,15
BRDA:58,8,1,1
BRDA:63,9,0,6
BRDA:63,9,1,2
BRF:18
BRH:13
end_of_record
TN:
SF:/Users/eric/Development/feathersjs/feathers/lib/providers/socket/socketio.js
FN:8,(anonymous_1)
FN:9,(anonymous_2)
FN:18,(anonymous_3)
FN:36,(anonymous_4)
FN:39,(anonymous_5)
FN:42,(anonymous_6)
FNF:6
FNH:6
FNDA:5,(anonymous_1)
FNDA:5,(anonymous_2)
FNDA:5,(anonymous_3)
FNDA:5,(anonymous_4)
FNDA:34,(anonymous_5)
FNDA:48,(anonymous_6)
DA:3,1
DA:4,1
DA:5,1
DA:6,1
DA:8,1
DA:9,5
DA:10,5
DA:12,5
DA:15,5
DA:19,5
DA:20,0
DA:23,5
DA:25,5
DA:26,2
DA:27,2
DA:30,5
DA:32,5
DA:34,5
DA:37,5
DA:40,34
DA:43,48
DA:47,5
LF:22
LH:21
BRDA:19,1,0,0
BRDA:19,1,1,5
BRDA:25,2,0,2
BRDA:25,2,1,3
BRF:4
BRH:3
end_of_record
TN:
SF:/Users/eric/Development/feathersjs/feathers/lib/providers/socket/primus.js
FN:9,(anonymous_1)
FN:10,(anonymous_2)
FN:19,(anonymous_3)
FN:39,(anonymous_4)
FN:42,(anonymous_5)
FN:45,(anonymous_6)
FNF:6
FNH:6
FNDA:2,(anonymous_1)
FNDA:2,(anonymous_2)
FNDA:2,(anonymous_3)
FNDA:2,(anonymous_4)
FNDA:33,(anonymous_5)
FNDA:44,(anonymous_6)
DA:3,1
DA:4,1
DA:5,1
DA:6,1
DA:7,1
DA:9,1
DA:10,2
DA:11,2
DA:13,2
DA:16,2
DA:20,2
DA:21,0
DA:24,2
DA:26,2
DA:28,2
DA:30,2
DA:31,2
DA:32,2
DA:35,2
DA:37,2
DA:40,2
DA:43,33
DA:46,44
DA:50,2
LF:24
LH:23
BRDA:20,1,0,0
BRDA:20,1,1,2
BRDA:30,2,0,2
BRDA:30,2,1,0
BRF:4
BRH:2
end_of_record
TN:
SF:/Users/eric/Development/feathersjs/feathers/lib/mixins/event.js
FN:14,(anonymous_1)
FN:29,(anonymous_2)
FN:33,(anonymous_3)
FN:43,(anonymous_4)
FN:48,(anonymous_5)
FNF:5
FNH:5
FNDA:33,(anonymous_1)
FNDA:1,(anonymous_2)
FNDA:132,(anonymous_3)
FNDA:81,(anonymous_4)
FNDA:83,(anonymous_5)
DA:3,1
DA:4,1
DA:5,1
DA:6,1
DA:7,1
DA:14,1
DA:15,33
DA:17,33
DA:19,33
DA:20,33
DA:21,31
DA:25,33
DA:29,33
DA:30,1
DA:33,33
DA:34,132
DA:36,132
DA:38,37
DA:39,37
DA:41,37
DA:43,37
DA:44,81
DA:45,81
DA:46,81
DA:48,81
DA:49,83
DA:52,0
LF:27
LH:26
BRDA:15,1,0,33
BRDA:15,1,1,2
BRDA:19,2,0,33
BRDA:19,2,1,0
BRDA:20,3,0,31
BRDA:20,3,1,2
BRDA:25,4,0,8
BRDA:25,4,1,25
BRDA:36,5,0,37
BRDA:36,5,1,95
BRDA:36,6,0,132
BRDA:36,6,1,42
BRDA:44,7,0,81
BRDA:44,7,1,0
BRDA:46,8,0,1
BRDA:46,8,1,80
BRF:16
BRH:14
end_of_record
TN:
SF:/Users/eric/Development/feathersjs/feathers/lib/mixins/normalizer.js
FN:4,(anonymous_1)
FN:8,(anonymous_2)
FN:10,(anonymous_3)
FNF:3
FNH:3
FNDA:28,(anonymous_1)
FNDA:158,(anonymous_2)
FNDA:106,(anonymous_3)
DA:1,1
DA:2,1
DA:4,1
DA:5,28
DA:6,28
DA:8,28
DA:9,158
DA:10,65
DA:11,106
DA:12,106
DA:17,28
LF:11
LH:11
BRDA:5,1,0,28
BRDA:5,1,1,0
BRDA:9,2,0,65
BRDA:9,2,1,93
BRF:4
BRH:3
end_of_record
TN:
SF:/Users/eric/Development/feathersjs/feathers/lib/mixins/promise.js
FN:5,(anonymous_1)
FN:10,(anonymous_2)
FN:12,(anonymous_3)
FN:19,(anonymous_4)
FN:23,(anonymous_5)
FNF:5
FNH:5
FNDA:107,(anonymous_1)
FNDA:2,(anonymous_2)
FNDA:1,(anonymous_3)
FNDA:29,(anonymous_4)
FNDA:159,(anonymous_5)
DA:3,1
DA:5,1
DA:6,107
DA:7,107
DA:9,107
DA:10,3
DA:11,2
DA:13,1
DA:16,107
DA:19,1
DA:20,29
DA:21,29
DA:23,29
DA:24,159
DA:25,66
DA:29,29
LF:16
LH:16
BRDA:9,1,0,3
BRDA:9,1,1,104
BRDA:9,2,0,107
BRDA:9,2,1,4
BRDA:9,2,2,4
BRDA:20,3,0,29
BRDA:20,3,1,0
BRDA:24,4,0,66
BRDA:24,4,1,93
BRF:9
BRH:8
end_of_record
